<assembly xmlns="http://maven.apache.org/plugins/maven-assembly-plugin/assembly/1.1.0"
      xmlns:xsi="http://www.w3.org/2001/XMLSchema-instance"
      xsi:schemaLocation="http://maven.apache.org/plugins/maven-assembly-plugin/assembly/1.1.0 http://maven.apache.org/xsd/assembly-1.1.0.xsd">
    <id>test-jar-with-dependencies</id>
    <formats>
        <format>jar</format>
    </formats>
    <includeBaseDirectory>false</includeBaseDirectory>
    <dependencySets>
        <dependencySet>
            <outputDirectory>/</outputDirectory>
            <useProjectArtifact>true</useProjectArtifact>
            <!-- we're creating the test-jar as an attachement -->
            <useProjectAttachments>true</useProjectAttachments>
            <unpack>true</unpack>
            <scope>test</scope>
            <excludes>
                <exclude>org.apache.hadoop:*</exclude>
                <exclude>com.google.protobuf:protobuf-java</exclude>
                <exclude>org.slf4j:slf4j-api</exclude>
            </excludes>
            <unpackOptions>
                <excludes>
                    <exclude>**/LICENSE*</exclude>
                    <exclude>**/license*</exclude>
                    <exclude>META-INF/maven/**</exclude>
                </excludes>
            </unpackOptions>
        </dependencySet>
    </dependencySets>
</assembly>
